#
# A fatal error has been detected by the Java Runtime Environment:
#
#  EXCEPTION_ACCESS_VIOLATION (0xc0000005) at pc=0x00007ffe7bfe9342, pid=10824, tid=4756
#
# JRE version: OpenJDK Runtime Environment Temurin-17.0.1+12 (17.0.1+12) (build 17.0.1+12)
# Java VM: OpenJDK 64-Bit Server VM Temurin-17.0.1+12 (17.0.1+12, mixed mode, tiered, compressed oops, compressed class ptrs, g1 gc, windows-amd64)
# Problematic frame:
# V  [jvm.dll+0x699342]
#
# No core dump will be written. Minidumps are not enabled by default on client versions of Windows
#
# If you would like to submit a bug report, please visit:
#   https://github.com/adoptium/adoptium-support/issues
#

---------------  S U M M A R Y ------------

Command Line: -Dfile.encoding=UTF-8 -XX:+ShowCodeDetailsInExceptionMessages org.generation.blogPessoal.BlogPessoalApplication

Host: Intel(R) Core(TM) i5-9400F CPU @ 2.90GHz, 6 cores, 15G,  Windows 10 , 64 bit Build 19041 (10.0.19041.1466)
Time: Thu Jan 20 15:16:24 2022 Hora oficial do Brasil elapsed time: 3.243189 seconds (0d 0h 0m 3s)

---------------  T H R E A D  ---------------

Current thread (0x000001da95a8e700):  JavaThread "C2 CompilerThread1" daemon [_thread_in_native, id=4756, stack(0x0000000d85700000,0x0000000d85800000)]


Current CompileTask:
C2:   3243 3845       4       sun.net.util.URLUtil::urlNoFragString (114 bytes)

Stack: [0x0000000d85700000,0x0000000d85800000],  sp=0x0000000d857fb8c0,  free space=1006k
Native frames: (J=compiled Java code, j=interpreted, Vv=VM code, C=native code)
V  [jvm.dll+0x699342]
V  [jvm.dll+0x699733]
V  [jvm.dll+0x69afe2]
V  [jvm.dll+0x699cfa]
V  [jvm.dll+0x5970fa]
V  [jvm.dll+0x219f9a]
V  [jvm.dll+0x217345]
V  [jvm.dll+0x1a355d]
V  [jvm.dll+0x226e38]
V  [jvm.dll+0x224f7c]
V  [jvm.dll+0x7e3f5b]
V  [jvm.dll+0x7de51a]
V  [jvm.dll+0x673305]
C  [ucrtbase.dll+0x21bb2]
C  [KERNEL32.DLL+0x17034]
C  [ntdll.dll+0x52651]


siginfo: EXCEPTION_ACCESS_VIOLATION (0xc0000005), reading address 0x0000000001000000


Register to memory mapping:

RIP=0x00007ffe7bfe9342 jvm.dll
RAX=0x0000000000003bf6 is an unknown value
RBX=0x0000000d857fc568 is pointing into the stack for thread: 0x000001da95a8e700
RCX=0x00000000000005b7 is an unknown value
RDX=0x0 is NULL
RSP=0x0000000d857fb8c0 is pointing into the stack for thread: 0x000001da95a8e700
RBP=1024 is a compressed pointer to class: 0x0000000800000400
org.springframework.core.env.Environment {0x0000000800000408}
 - instance size:     2
 - klass size:        63
 - access:            public interface abstract 
 - state:             linked
 - name:              'org/springframework/core/env/Environment'
 - super:             'java/lang/Object'
 - sub:               
 - nof implementors:  1
 - implementor:    
   'org/springframework/core/env/AbstractEnvironment'
 - arrays:            NULL
 - methods:           Array<T>(0x000001da95409c90)
 - method ordering:   Array<T>(0x000001da95000018)
 - default_methods:   Array<T>(0x0000000000000000)
 - local interfaces:  Array<T>(0x000001da95409508)
 - trans. interfaces: Array<T>(0x000001da95409508)
 - constants:         constant pool [20] {0x000001da95409408} for 'org/springframework/core/env/Environment' cache=0x000001da96a48ba0
 - class loader data:  loader data: 0x000001da9580ecf0 for instance a 'jdk/internal/loader/ClassLoaders$AppClassLoader'{0x00000007013a3328}
 - source file:       'Environment.java'
 - class annotations:       Array<T>(0x0000000000000000)
 - class type annotations:  Array<T>(0x0000000000000000)
 - field annotations:       Array<T>(0x0000000000000000)
 - field type annotations:  Array<T>(0x0000000000000000)
 - inner classes:     Array<T>(0x000001da95000028)
 - nest members:     Array<T>(0x000001da95000028)
 - permitted subclasses:     Array<T>(0x000001da95000028)
 - java mirror:       a 'java/lang/Class'{0x0000000701550e38} = 'org/springframework/core/env/Environment'
 - vtable length      5  (start addr: 0x00000008000005c8)
 - itable length      0 (start addr: 0x00000008000005f0)
 - ---- static fields (0 words):
 - ---- non-static fields (0 words):
 - non-static oop maps: 
RSI=0x000000000cd77bf6 is an unknown value
RDI=0x0000000001000000 is an unknown value
R8 =0x000001da99c221e0 points into unknown readable memory: 0x00007ffe7c1fb7c0 | c0 b7 1f 7c fe 7f 00 00
R9 =0x000001da97b30620 points into unknown readable memory: 0x0000000000000000 | 00 00 00 00 00 00 00 00
R10=0x0000000000003bf7 is an unknown value
R11=0x0000000000003fff is an unknown value
R12=0x0 is NULL
R13=0x00000000000016e9 is an unknown value
R14=0x000001da9aad3028 points into unknown readable memory: 0x000001da99c25bf0 | f0 5b c2 99 da 01 00 00
R15=8192 is a compressed pointer to class: 0x0000000800002000
org.springframework.beans.factory.HierarchicalBeanFactory {0x0000000800002008}
 - instance size:     2
 - klass size:        63
 - access:            public interface abstract 
 - state:             linked
 - name:              'org/springframework/beans/factory/HierarchicalBeanFactory'
 - super:             'java/lang/Object'
 - sub:               
 - nof implementors:  2
 - arrays:            NULL
 - methods:           Array<T>(0x000001da9540d3c0)
 - method ordering:   Array<T>(0x000001da95000018)
 - default_methods:   Array<T>(0x0000000000000000)
 - local interfaces:  Array<T>(0x000001da9540d3a0)
 - trans. interfaces: Array<T>(0x000001da9540d3a0)
 - constants:         constant pool [15] {0x000001da9540d2c8} for 'org/springframework/beans/factory/HierarchicalBeanFactory' cache=0x000001da96eadd30
 - class loader data:  loader data: 0x000001da9580ecf0 for instance a 'jdk/internal/loader/ClassLoaders$AppClassLoader'{0x00000007013a3328}
 - source file:       'HierarchicalBeanFactory.java'
 - class annotations:       Array<T>(0x0000000000000000)
 - class type annotations:  Array<T>(0x0000000000000000)
 - field annotations:       Array<T>(0x0000000000000000)
 - field type annotations:  Array<T>(0x0000000000000000)
 - inner classes:     Array<T>(0x000001da95000028)
 - nest members:     Array<T>(0x000001da95000028)
 - permitted subclasses:     Array<T>(0x000001da95000028)
 - java mirror:       a 'java/lang/Class'{0x0000000701550538} = 'org/springframework/beans/factory/HierarchicalBeanFactory'
 - vtable length      5  (start addr: 0x00000008000021c8)
 - itable length      0 (start addr: 0x00000008000021f0)
 - ---- static fields (0 words):
 - ---- non-static fields (0 words):
 - non-static oop maps: 


Registers:
RAX=0x0000000000003bf6, RBX=0x0000000d857fc568, RCX=0x00000000000005b7, RDX=0x0000000000000000
RSP=0x0000000d857fb8c0, RBP=0x0000000000000400, RSI=0x000000000cd77bf6, RDI=0x0000000001000000
R8 =0x000001da99c221e0, R9 =0x000001da97b30620, R10=0x0000000000003bf7, R11=0x0000000000003fff
R12=0x0000000000000000, R13=0x00000000000016e9, R14=0x000001da9aad3028, R15=0x0000000000002000
RIP=0x00007ffe7bfe9342, EFLAGS=0x0000000000010283

Top of Stack: (sp=0x0000000d857fb8c0)
0x0000000d857fb8c0:   0000000d857fc568 0000000035e35bb9
0x0000000d857fb8d0:   0000000000020000 00007ffe7c141b80
0x0000000d857fb8e0:   000001da976321f8 00000000000016e8
0x0000000d857fb8f0:   0000000000000000 00007ffe7bfe9733
0x0000000d857fb900:   000000000000000f 000001da976321f8
0x0000000d857fb910:   0000000d857fc568 00007ffe7b9f172b
0x0000000d857fb920:   000001da960cef10 0000000000000078
0x0000000d857fb930:   000001daf648f620 0000000000000000
0x0000000d857fb940:   000001da976321f8 00007ffe7bfeafe2
0x0000000d857fb950:   000001da976321f8 000000000000000f
0x0000000d857fb960:   000000000000000f 0000000d857fbbe0
0x0000000d857fb970:   0000000d857fbbe0 00007ffe7bfe9cfa
0x0000000d857fb980:   0000000d857feb60 000000000000000f
0x0000000d857fb990:   000001da962ad350 000001daf648f620
0x0000000d857fb9a0:   0000000000000048 00007ffe7c28a600
0x0000000d857fb9b0:   000001da963196f0 00007ffe7bee70fa 

Instructions: (pc=0x00007ffe7bfe9342)
0x00007ffe7bfe9242:   c3 cc cc cc cc cc cc cc cc cc cc cc cc cc 48 85
0x00007ffe7bfe9252:   d2 74 1b 8b 52 28 48 8b 41 50 48 8b 0c d0 48 85
0x00007ffe7bfe9262:   c9 74 0b 33 c0 83 79 10 04 48 0f 44 c1 c3 33 c0
0x00007ffe7bfe9272:   c3 cc cc cc cc cc cc cc cc cc cc cc cc cc 48 89
0x00007ffe7bfe9282:   5c 24 10 48 89 74 24 18 57 41 56 41 57 48 83 ec
0x00007ffe7bfe9292:   20 44 8b 79 08 48 8b d9 48 8b 39 4c 8b 71 18 c7
0x00007ffe7bfe92a2:   41 0c 00 00 00 00 43 8d 04 3f 8b f0 89 41 08 48
0x00007ffe7bfe92b2:   8b 4f 18 48 c1 e6 03 48 8b c6 48 f7 d0 48 3b c1
0x00007ffe7bfe92c2:   73 16 4c 8d 05 c5 42 27 00 48 8b d6 48 8b cf e8
0x00007ffe7bfe92d2:   5a 2e a1 ff 48 8b 4f 18 48 8d 04 31 48 3b 47 20
0x00007ffe7bfe92e2:   76 13 45 33 c0 48 8b d6 48 8b cf e8 be 2a a1 ff
0x00007ffe7bfe92f2:   48 8b c8 eb 04 48 89 47 18 44 8b 43 08 33 d2 49
0x00007ffe7bfe9302:   c1 e0 03 48 89 4b 18 e8 a4 15 1f 00 8b 4b 08 8b
0x00007ffe7bfe9312:   c1 c1 e8 02 2b c8 89 4b 10 45 85 ff 0f 84 87 00
0x00007ffe7bfe9322:   00 00 48 89 6c 24 40 49 8b ef 0f 1f 40 00 49 8b
0x00007ffe7bfe9332:   3e 4d 8d 76 08 48 85 ff 74 64 48 3b 7b 20 74 5e
0x00007ffe7bfe9342:   48 8b 07 48 8b cf ff 50 58 8b f0 85 c0 74 4f ff
0x00007ffe7bfe9352:   43 0c 8b 4b 0c 3b 4b 10 75 08 48 8b cb e8 1c ff
0x00007ffe7bfe9362:   ff ff 44 8b 5b 08 4c 8b 4b 18 41 ff cb 41 8b c3
0x00007ffe7bfe9372:   23 c6 44 8b d0 41 83 ca 01 49 8b 14 c1 48 85 d2
0x00007ffe7bfe9382:   74 18 4c 8b 43 20 49 3b d0 74 0f 41 03 c2 41 23
0x00007ffe7bfe9392:   c3 49 8b 14 c1 48 85 d2 75 ec 49 89 3c c1 48 83
0x00007ffe7bfe93a2:   ed 01 75 8a 48 8b 6c 24 40 48 8b 5c 24 48 48 8b
0x00007ffe7bfe93b2:   74 24 50 48 83 c4 20 41 5f 41 5e 5f c3 cc 48 89
0x00007ffe7bfe93c2:   5c 24 08 48 89 6c 24 10 48 89 74 24 18 57 48 83
0x00007ffe7bfe93d2:   ec 30 83 79 08 00 8b f2 48 8b f9 75 56 48 8b 19
0x00007ffe7bfe93e2:   c7 41 08 01 00 00 00 48 8b 43 18 48 83 f8 ef 76
0x00007ffe7bfe93f2:   18 4c 8d 05 96 41 27 00 ba 10 00 00 00 48 8b cb
0x00007ffe7bfe9402:   e8 29 2d a1 ff 48 8b 43 18 48 8d 48 10 48 3b 4b
0x00007ffe7bfe9412:   20 76 11 45 33 c0 48 8b cb 41 8d 50 10 e8 8c 29
0x00007ffe7bfe9422:   a1 ff eb 04 48 89 4b 18 48 89 47 10 48 c7 00 00
0x00007ffe7bfe9432:   00 00 00 8b 6f 08 8d 56 01 85 d2 74 04 85 d6 74 


Stack slot to memory mapping:
stack at sp + 0 slots: 0x0000000d857fc568 is pointing into the stack for thread: 0x000001da95a8e700
stack at sp + 1 slots: 0x0000000035e35bb9 is an unknown value
stack at sp + 2 slots: 131072 is a compressed pointer to class: 0x0000000800020000
jdk.internal.module.ServicesCatalog$ServiceProvider {0x0000000800020008}
 - instance size:     3
 - klass size:        65
 - access:            public final synchronized 
 - state:             fully_initialized
 - name:              'jdk/internal/module/ServicesCatalog$ServiceProvider'
 - super:             'java/lang/Object'
 - sub:               
 - arrays:            'jdk/internal/module/ServicesCatalog$ServiceProvider'[]
 - methods:           Array<T>(0x000001da95303f98)
 - method ordering:   Array<T>(0x000001da95000018)
 - default_methods:   Array<T>(0x0000000000000000)
 - local interfaces:  Array<T>(0x000001da95000058)
 - trans. interfaces: Array<T>(0x000001da95000058)
 - constants:         constant pool [49] {0x000001da95303d88} for 'jdk/internal/module/ServicesCatalog$ServiceProvider' cache=0x000001da953044f8
 - class loader data:  loader data: 0x000001daffaea8e0 of 'bootstrap'
 - source file:       'ServicesCatalog.java'
 - class annotations:       Array<T>(0x0000000000000000)
 - class type annotations:  Array<T>(0x0000000000000000)
 - field annotations:       Array<T>(0x0000000000000000)
 - field type annotations:  Array<T>(0x0000000000000000)
 - inner classes:     Array<T>(0x000001da95304370)
 - nest members:     Array<T>(0x000001da95000028)
 - permitted subclasses:     Array<T>(0x000001da95000028)
 - java mirror:       a 'java/lang/Class'{0x00000007013759c0} = 'jdk/internal/module/ServicesCatalog$ServiceProvider'
 - vtable length      5  (start addr: 0x00000008000201c8)
 - itable length      2 (start addr: 0x00000008000201f0)
 - ---- static fields (0 words):
 - ---- non-static fields (2 words):
 - private final 'module' 'Ljava/lang/Module;' @12 
 - private final 'providerName' 'Ljava/lang/String;' @16 
 - non-static oop maps: 12-16 
stack at sp + 3 slots: 0x00007ffe7c141b80 jvm.dll
stack at sp + 4 slots: 0x000001da976321f8 points into unknown readable memory: 0x00007ffe7c25c2c0 | c0 c2 25 7c fe 7f 00 00
stack at sp + 5 slots: 0x00000000000016e8 is an unknown value
stack at sp + 6 slots: 0x0 is NULL
stack at sp + 7 slots: 0x00007ffe7bfe9733 jvm.dll


---------------  P R O C E S S  ---------------

Threads class SMR info:
_java_thread_list=0x000001da9acf0b90, length=20, elements={
0x000001daf432b7b0, 0x000001da95807a80, 0x000001da95808780, 0x000001da95853f80,
0x000001da95858670, 0x000001da95858c30, 0x000001da95859f30, 0x000001da9582e120,
0x000001da9582e720, 0x000001daffc6dfc0, 0x000001da959e6060, 0x000001da959faf60,
0x000001da95a8e700, 0x000001da964a2bb0, 0x000001da963b5ce0, 0x000001da998aec30,
0x000001da998dacd0, 0x000001da977137f0, 0x000001da9766e860, 0x000001da9a963f30
}

Java Threads: ( => current thread )
  0x000001daf432b7b0 JavaThread "main" [_thread_blocked, id=2304, stack(0x0000000d84400000,0x0000000d84500000)]
  0x000001da95807a80 JavaThread "Reference Handler" daemon [_thread_blocked, id=14580, stack(0x0000000d84b00000,0x0000000d84c00000)]
  0x000001da95808780 JavaThread "Finalizer" daemon [_thread_blocked, id=5268, stack(0x0000000d84c00000,0x0000000d84d00000)]
  0x000001da95853f80 JavaThread "Signal Dispatcher" daemon [_thread_blocked, id=13776, stack(0x0000000d84d00000,0x0000000d84e00000)]
  0x000001da95858670 JavaThread "Attach Listener" daemon [_thread_blocked, id=2192, stack(0x0000000d84e00000,0x0000000d84f00000)]
  0x000001da95858c30 JavaThread "Service Thread" daemon [_thread_blocked, id=3272, stack(0x0000000d84f00000,0x0000000d85000000)]
  0x000001da95859f30 JavaThread "Monitor Deflation Thread" daemon [_thread_blocked, id=11404, stack(0x0000000d85000000,0x0000000d85100000)]
  0x000001da9582e120 JavaThread "C2 CompilerThread0" daemon [_thread_in_native, id=13260, stack(0x0000000d85100000,0x0000000d85200000)]
  0x000001da9582e720 JavaThread "C1 CompilerThread0" daemon [_thread_blocked, id=14668, stack(0x0000000d85200000,0x0000000d85300000)]
  0x000001daffc6dfc0 JavaThread "Sweeper thread" daemon [_thread_blocked, id=4676, stack(0x0000000d85300000,0x0000000d85400000)]
  0x000001da959e6060 JavaThread "Notification Thread" daemon [_thread_blocked, id=1920, stack(0x0000000d85400000,0x0000000d85500000)]
  0x000001da959faf60 JavaThread "Common-Cleaner" daemon [_thread_blocked, id=12324, stack(0x0000000d85600000,0x0000000d85700000)]
=>0x000001da95a8e700 JavaThread "C2 CompilerThread1" daemon [_thread_in_native, id=4756, stack(0x0000000d85700000,0x0000000d85800000)]
  0x000001da964a2bb0 JavaThread "Thread-0" [_thread_blocked, id=3884, stack(0x0000000d85d00000,0x0000000d85e00000)]
  0x000001da963b5ce0 JavaThread "restartedMain" [_thread_in_vm, id=12596, stack(0x0000000d85e00000,0x0000000d85f00000)]
  0x000001da998aec30 JavaThread "Catalina-utility-1" [_thread_blocked, id=7276, stack(0x0000000d85f00000,0x0000000d86000000)]
  0x000001da998dacd0 JavaThread "Catalina-utility-2" [_thread_blocked, id=12000, stack(0x0000000d86100000,0x0000000d86200000)]
  0x000001da977137f0 JavaThread "container-0" [_thread_blocked, id=1640, stack(0x0000000d86200000,0x0000000d86300000)]
  0x000001da9766e860 JavaThread "mysql-cj-abandoned-connection-cleanup" daemon [_thread_blocked, id=10056, stack(0x0000000d86300000,0x0000000d86400000)]
  0x000001da9a963f30 JavaThread "HikariPool-1 housekeeper" daemon [_thread_blocked, id=2664, stack(0x0000000d86500000,0x0000000d86600000)]

Other Threads:
  0x000001daffc65c30 VMThread "VM Thread" [stack: 0x0000000d84a00000,0x0000000d84b00000] [id=10460]
  0x000001daf64ef1e0 WatcherThread [stack: 0x0000000d85500000,0x0000000d85600000] [id=12732]
  0x000001daf64cbb80 GCTaskThread "GC Thread#0" [stack: 0x0000000d84500000,0x0000000d84600000] [id=13204]
  0x000001da95f4af30 GCTaskThread "GC Thread#1" [stack: 0x0000000d85800000,0x0000000d85900000] [id=6328]
  0x000001da95f4b9f0 GCTaskThread "GC Thread#2" [stack: 0x0000000d85900000,0x0000000d85a00000] [id=3960]
  0x000001da95f4b1e0 GCTaskThread "GC Thread#3" [stack: 0x0000000d85a00000,0x0000000d85b00000] [id=13264]
  0x000001da95f4bca0 GCTaskThread "GC Thread#4" [stack: 0x0000000d85b00000,0x0000000d85c00000] [id=13372]
  0x000001da95f4b490 GCTaskThread "GC Thread#5" [stack: 0x0000000d85c00000,0x0000000d85d00000] [id=14200]
  0x000001daf64df220 ConcurrentGCThread "G1 Main Marker" [stack: 0x0000000d84600000,0x0000000d84700000] [id=1524]
  0x000001daf64dfc30 ConcurrentGCThread "G1 Conc#0" [stack: 0x0000000d84700000,0x0000000d84800000] [id=11272]
  0x000001da95f4b740 ConcurrentGCThread "G1 Conc#1" [stack: 0x0000000d86000000,0x0000000d86100000] [id=6596]
  0x000001daffad64e0 ConcurrentGCThread "G1 Refine#0" [stack: 0x0000000d84800000,0x0000000d84900000] [id=14092]
  0x000001daffad8a30 ConcurrentGCThread "G1 Service" [stack: 0x0000000d84900000,0x0000000d84a00000] [id=11948]

Threads with active compile tasks:
C2 CompilerThread0     3340 4017       4       java.lang.String::<init> (830 bytes)
C2 CompilerThread1     3340 3845       4       sun.net.util.URLUtil::urlNoFragString (114 bytes)

VM state: not at safepoint (normal execution)

VM Mutex/Monitor currently owned by a thread: None

Heap address: 0x0000000701200000, size: 4078 MB, Compressed Oops mode: Zero based, Oop shift amount: 3

CDS archive(s) not mapped
Compressed class space mapped at: 0x0000000800000000-0x0000000840000000, reserved size: 1073741824
Narrow klass base: 0x0000000800000000, Narrow klass shift: 0, Narrow klass range: 0x40000000

GC Precious Log:
 CPUs: 6 total, 6 available
 Memory: 16304M
 Large Page Support: Disabled
 NUMA Support: Disabled
 Compressed Oops: Enabled (Zero based)
 Heap Region Size: 2M
 Heap Min Capacity: 8M
 Heap Initial Capacity: 256M
 Heap Max Capacity: 4078M
 Pre-touch: Disabled
 Parallel Workers: 6
 Concurrent Workers: 2
 Concurrent Refinement Workers: 6
 Periodic GC: Disabled

Heap:
 garbage-first heap   total 161792K, used 72391K [0x0000000701200000, 0x0000000800000000)
  region size 2048K, 31 young (63488K), 1 survivors (2048K)
 Metaspace       used 50712K, committed 51008K, reserved 1097728K
  class space    used 6317K, committed 6464K, reserved 1048576K

Heap Regions: E=young(eden), S=young(survivor), O=old, HS=humongous(starts), HC=humongous(continues), CS=collection set, F=free, OA=open archive, CA=closed archive, TAMS=top-at-mark-start (previous, next)
|   0|0x0000000701200000, 0x0000000701400000, 0x0000000701400000|100%| O|  |TAMS 0x0000000701400000, 0x0000000701200000| Untracked 
|   1|0x0000000701400000, 0x0000000701600000, 0x0000000701600000|100%| O|  |TAMS 0x0000000701600000, 0x0000000701400000| Untracked 
|   2|0x0000000701600000, 0x0000000701600000, 0x0000000701800000|  0%| F|  |TAMS 0x0000000701600000, 0x0000000701600000| Untracked 
|   3|0x0000000701800000, 0x0000000701a00000, 0x0000000701a00000|100%| O|  |TAMS 0x0000000701a00000, 0x0000000701800000| Untracked 
|   4|0x0000000701a00000, 0x0000000701c00000, 0x0000000701c00000|100%| O|  |TAMS 0x0000000701c00000, 0x0000000701a00000| Untracked 
|   5|0x0000000701c00000, 0x0000000701c00000, 0x0000000701e00000|  0%| F|  |TAMS 0x0000000701c00000, 0x0000000701c00000| Untracked 
|   6|0x0000000701e00000, 0x0000000701e00000, 0x0000000702000000|  0%| F|  |TAMS 0x0000000701e00000, 0x0000000701e00000| Untracked 
|   7|0x0000000702000000, 0x0000000702000000, 0x0000000702200000|  0%| F|  |TAMS 0x0000000702000000, 0x0000000702000000| Untracked 
|   8|0x0000000702200000, 0x0000000702200000, 0x0000000702400000|  0%| F|  |TAMS 0x0000000702200000, 0x0000000702200000| Untracked 
|   9|0x0000000702400000, 0x0000000702600000, 0x0000000702600000|100%| O|  |TAMS 0x0000000702400000, 0x0000000702400000| Untracked 
|  10|0x0000000702600000, 0x0000000702800000, 0x0000000702800000|100%| O|  |TAMS 0x0000000702600000, 0x0000000702600000| Untracked 
|  11|0x0000000702800000, 0x00000007029ada00, 0x0000000702a00000| 83%| O|  |TAMS 0x0000000702800000, 0x0000000702800000| Untracked 
|  12|0x0000000702a00000, 0x0000000702a00000, 0x0000000702c00000|  0%| F|  |TAMS 0x0000000702a00000, 0x0000000702a00000| Untracked 
|  13|0x0000000702c00000, 0x0000000702d04210, 0x0000000702e00000| 50%| S|CS|TAMS 0x0000000702c00000, 0x0000000702c00000| Complete 
|  14|0x0000000702e00000, 0x0000000702e00000, 0x0000000703000000|  0%| F|  |TAMS 0x0000000702e00000, 0x0000000702e00000| Untracked 
|  15|0x0000000703000000, 0x0000000703000000, 0x0000000703200000|  0%| F|  |TAMS 0x0000000703000000, 0x0000000703000000| Untracked 
|  16|0x0000000703200000, 0x0000000703200000, 0x0000000703400000|  0%| F|  |TAMS 0x0000000703200000, 0x0000000703200000| Untracked 
|  17|0x0000000703400000, 0x0000000703400000, 0x0000000703600000|  0%| F|  |TAMS 0x0000000703400000, 0x0000000703400000| Untracked 
|  18|0x0000000703600000, 0x0000000703600000, 0x0000000703800000|  0%| F|  |TAMS 0x0000000703600000, 0x0000000703600000| Untracked 
|  19|0x0000000703800000, 0x0000000703800000, 0x0000000703a00000|  0%| F|  |TAMS 0x0000000703800000, 0x0000000703800000| Untracked 
|  20|0x0000000703a00000, 0x0000000703a00000, 0x0000000703c00000|  0%| F|  |TAMS 0x0000000703a00000, 0x0000000703a00000| Untracked 
|  21|0x0000000703c00000, 0x0000000703c00000, 0x0000000703e00000|  0%| F|  |TAMS 0x0000000703c00000, 0x0000000703c00000| Untracked 
|  22|0x0000000703e00000, 0x0000000703e00000, 0x0000000704000000|  0%| F|  |TAMS 0x0000000703e00000, 0x0000000703e00000| Untracked 
|  23|0x0000000704000000, 0x0000000704000000, 0x0000000704200000|  0%| F|  |TAMS 0x0000000704000000, 0x0000000704000000| Untracked 
|  24|0x0000000704200000, 0x0000000704200000, 0x0000000704400000|  0%| F|  |TAMS 0x0000000704200000, 0x0000000704200000| Untracked 
|  25|0x0000000704400000, 0x0000000704400000, 0x0000000704600000|  0%| F|  |TAMS 0x0000000704400000, 0x0000000704400000| Untracked 
|  26|0x0000000704600000, 0x0000000704600000, 0x0000000704800000|  0%| F|  |TAMS 0x0000000704600000, 0x0000000704600000| Untracked 
|  27|0x0000000704800000, 0x0000000704800000, 0x0000000704a00000|  0%| F|  |TAMS 0x0000000704800000, 0x0000000704800000| Untracked 
|  28|0x0000000704a00000, 0x0000000704a00000, 0x0000000704c00000|  0%| F|  |TAMS 0x0000000704a00000, 0x0000000704a00000| Untracked 
|  29|0x0000000704c00000, 0x0000000704c00000, 0x0000000704e00000|  0%| F|  |TAMS 0x0000000704c00000, 0x0000000704c00000| Untracked 
|  30|0x0000000704e00000, 0x0000000704e00000, 0x0000000705000000|  0%| F|  |TAMS 0x0000000704e00000, 0x0000000704e00000| Untracked 
|  31|0x0000000705000000, 0x0000000705000000, 0x0000000705200000|  0%| F|  |TAMS 0x0000000705000000, 0x0000000705000000| Untracked 
|  32|0x0000000705200000, 0x0000000705200000, 0x0000000705400000|  0%| F|  |TAMS 0x0000000705200000, 0x0000000705200000| Untracked 
|  33|0x0000000705400000, 0x0000000705400000, 0x0000000705600000|  0%| F|  |TAMS 0x0000000705400000, 0x0000000705400000| Untracked 
|  34|0x0000000705600000, 0x0000000705600000, 0x0000000705800000|  0%| F|  |TAMS 0x0000000705600000, 0x0000000705600000| Untracked 
|  35|0x0000000705800000, 0x0000000705800000, 0x0000000705a00000|  0%| F|  |TAMS 0x0000000705800000, 0x0000000705800000| Untracked 
|  36|0x0000000705a00000, 0x0000000705a00000, 0x0000000705c00000|  0%| F|  |TAMS 0x0000000705a00000, 0x0000000705a00000| Untracked 
|  37|0x0000000705c00000, 0x0000000705c00000, 0x0000000705e00000|  0%| F|  |TAMS 0x0000000705c00000, 0x0000000705c00000| Untracked 
|  38|0x0000000705e00000, 0x0000000705e00000, 0x0000000706000000|  0%| F|  |TAMS 0x0000000705e00000, 0x0000000705e00000| Untracked 
|  39|0x0000000706000000, 0x0000000706000000, 0x0000000706200000|  0%| F|  |TAMS 0x0000000706000000, 0x0000000706000000| Untracked 
|  40|0x0000000706200000, 0x0000000706200000, 0x0000000706400000|  0%| F|  |TAMS 0x0000000706200000, 0x0000000706200000| Untracked 
|  41|0x0000000706400000, 0x0000000706400000, 0x0000000706600000|  0%| F|  |TAMS 0x0000000706400000, 0x0000000706400000| Untracked 
|  42|0x0000000706600000, 0x0000000706600000, 0x0000000706800000|  0%| F|  |TAMS 0x0000000706600000, 0x0000000706600000| Untracked 
|  43|0x0000000706800000, 0x0000000706800000, 0x0000000706a00000|  0%| F|  |TAMS 0x0000000706800000, 0x0000000706800000| Untracked 
|  44|0x0000000706a00000, 0x0000000706a00000, 0x0000000706c00000|  0%| F|  |TAMS 0x0000000706a00000, 0x0000000706a00000| Untracked 
|  45|0x0000000706c00000, 0x0000000706c00000, 0x0000000706e00000|  0%| F|  |TAMS 0x0000000706c00000, 0x0000000706c00000| Untracked 
|  46|0x0000000706e00000, 0x0000000706e00000, 0x0000000707000000|  0%| F|  |TAMS 0x0000000706e00000, 0x0000000706e00000| Untracked 
|  47|0x0000000707000000, 0x0000000707000000, 0x0000000707200000|  0%| F|  |TAMS 0x0000000707000000, 0x0000000707000000| Untracked 
|  48|0x0000000707200000, 0x0000000707200000, 0x0000000707400000|  0%| F|  |TAMS 0x0000000707200000, 0x0000000707200000| Untracked 
|  49|0x0000000707400000, 0x0000000707500800, 0x0000000707600000| 50%| E|  |TAMS 0x0000000707400000, 0x0000000707400000| Complete 
|  50|0x0000000707600000, 0x0000000707800000, 0x0000000707800000|100%| E|CS|TAMS 0x0000000707600000, 0x0000000707600000| Complete 
|  51|0x0000000707800000, 0x0000000707a00000, 0x0000000707a00000|100%| E|CS|TAMS 0x0000000707800000, 0x0000000707800000| Complete 
|  52|0x0000000707a00000, 0x0000000707c00000, 0x0000000707c00000|100%| E|CS|TAMS 0x0000000707a00000, 0x0000000707a00000| Complete 
|  53|0x0000000707c00000, 0x0000000707e00000, 0x0000000707e00000|100%| E|CS|TAMS 0x0000000707c00000, 0x0000000707c00000| Complete 
|  54|0x0000000707e00000, 0x0000000708000000, 0x0000000708000000|100%| E|CS|TAMS 0x0000000707e00000, 0x0000000707e00000| Complete 
|  55|0x0000000708000000, 0x0000000708200000, 0x0000000708200000|100%| E|CS|TAMS 0x0000000708000000, 0x0000000708000000| Complete 
|  56|0x0000000708200000, 0x0000000708400000, 0x0000000708400000|100%| E|CS|TAMS 0x0000000708200000, 0x0000000708200000| Complete 
|  57|0x0000000708400000, 0x0000000708600000, 0x0000000708600000|100%| E|CS|TAMS 0x0000000708400000, 0x0000000708400000| Complete 
|  58|0x0000000708600000, 0x0000000708800000, 0x0000000708800000|100%| E|CS|TAMS 0x0000000708600000, 0x0000000708600000| Complete 
|  59|0x0000000708800000, 0x0000000708a00000, 0x0000000708a00000|100%| E|CS|TAMS 0x0000000708800000, 0x0000000708800000| Complete 
|  60|0x0000000708a00000, 0x0000000708c00000, 0x0000000708c00000|100%| E|CS|TAMS 0x0000000708a00000, 0x0000000708a00000| Complete 
|  61|0x0000000708c00000, 0x0000000708e00000, 0x0000000708e00000|100%| E|CS|TAMS 0x0000000708c00000, 0x0000000708c00000| Complete 
|  62|0x0000000708e00000, 0x0000000709000000, 0x0000000709000000|100%| E|CS|TAMS 0x0000000708e00000, 0x0000000708e00000| Complete 
|  63|0x0000000709000000, 0x0000000709200000, 0x0000000709200000|100%| E|CS|TAMS 0x0000000709000000, 0x0000000709000000| Complete 
|  64|0x0000000709200000, 0x0000000709400000, 0x0000000709400000|100%| E|CS|TAMS 0x0000000709200000, 0x0000000709200000| Complete 
|  65|0x0000000709400000, 0x0000000709600000, 0x0000000709600000|100%| E|CS|TAMS 0x0000000709400000, 0x0000000709400000| Complete 
|  66|0x0000000709600000, 0x0000000709800000, 0x0000000709800000|100%| E|CS|TAMS 0x0000000709600000, 0x0000000709600000| Complete 
|  67|0x0000000709800000, 0x0000000709a00000, 0x0000000709a00000|100%| E|CS|TAMS 0x0000000709800000, 0x0000000709800000| Complete 
|  68|0x0000000709a00000, 0x0000000709c00000, 0x0000000709c00000|100%| E|CS|TAMS 0x0000000709a00000, 0x0000000709a00000| Complete 
|  69|0x0000000709c00000, 0x0000000709e00000, 0x0000000709e00000|100%| E|CS|TAMS 0x0000000709c00000, 0x0000000709c00000| Complete 
|  70|0x0000000709e00000, 0x000000070a000000, 0x000000070a000000|100%| E|CS|TAMS 0x0000000709e00000, 0x0000000709e00000| Complete 
|  71|0x000000070a000000, 0x000000070a200000, 0x000000070a200000|100%| E|CS|TAMS 0x000000070a000000, 0x000000070a000000| Complete 
|  72|0x000000070a200000, 0x000000070a400000, 0x000000070a400000|100%| E|CS|TAMS 0x000000070a200000, 0x000000070a200000| Complete 
|  73|0x000000070a400000, 0x000000070a600000, 0x000000070a600000|100%| E|CS|TAMS 0x000000070a400000, 0x000000070a400000| Complete 
|  74|0x000000070a600000, 0x000000070a800000, 0x000000070a800000|100%| E|CS|TAMS 0x000000070a600000, 0x000000070a600000| Complete 
|  75|0x000000070a800000, 0x000000070aa00000, 0x000000070aa00000|100%| E|CS|TAMS 0x000000070a800000, 0x000000070a800000| Complete 
|  76|0x000000070aa00000, 0x000000070ac00000, 0x000000070ac00000|100%| E|  |TAMS 0x000000070aa00000, 0x000000070aa00000| Complete 
|  77|0x000000070ac00000, 0x000000070ae00000, 0x000000070ae00000|100%| E|CS|TAMS 0x000000070ac00000, 0x000000070ac00000| Complete 
| 127|0x0000000711000000, 0x0000000711200000, 0x0000000711200000|100%| E|CS|TAMS 0x0000000711000000, 0x0000000711000000| Complete 

Card table byte_map: [0x000001dafa430000,0x000001dafac30000] _byte_map_base: 0x000001daf6c27000

Marking Bits (Prev, Next): (CMBitMap*) 0x000001daf64cc190, (CMBitMap*) 0x000001daf64cc1d0
 Prev Bits: [0x000001dafb430000, 0x000001daff3e8000)
 Next Bits: [0x000001da8f000000, 0x000001da92fb8000)

Polling page: 0x000001daf43f0000

Metaspace:

Usage:
  Non-class:     43.39 MB used.
      Class:      6.19 MB used.
       Both:     49.59 MB used.

Virtual space:
  Non-class space:       48.00 MB reserved,      43.56 MB ( 91%) committed,  6 nodes.
      Class space:        1.00 GB reserved,       6.31 MB ( <1%) committed,  1 nodes.
             Both:        1.05 GB reserved,      49.88 MB (  5%) committed. 

Chunk freelists:
   Non-Class:  368.00 KB
       Class:  1.62 MB
        Both:  1.98 MB

MaxMetaspaceSize: unlimited
CompressedClassSpaceSize: 1.00 GB
Initial GC threshold: 21.00 MB
Current GC threshold: 59.00 MB
CDS: off
MetaspaceReclaimPolicy: balanced
 - commit_granule_bytes: 65536.
 - commit_granule_words: 8192.
 - virtual_space_node_default_size: 1048576.
 - enlarge_chunks_in_place: 1.
 - new_chunks_are_fully_committed: 0.
 - uncommit_free_chunks: 1.
 - use_allocation_guard: 0.
 - handle_deallocations: 1.


Internal statistics:

num_allocs_failed_limit: 8.
num_arena_births: 312.
num_arena_deaths: 0.
num_vsnodes_births: 7.
num_vsnodes_deaths: 0.
num_space_committed: 798.
num_space_uncommitted: 0.
num_chunks_returned_to_freelist: 8.
num_chunks_taken_from_freelist: 1671.
num_chunk_merges: 8.
num_chunk_splits: 1190.
num_chunks_enlarged: 933.
num_purges: 0.
num_inconsistent_stats: 0.

CodeHeap 'non-profiled nmethods': size=120000Kb used=2128Kb max_used=2128Kb free=117871Kb
 bounds [0x000001da87ad0000, 0x000001da87d40000, 0x000001da8f000000]
CodeHeap 'profiled nmethods': size=120000Kb used=8814Kb max_used=8814Kb free=111185Kb
 bounds [0x000001da805a0000, 0x000001da80e40000, 0x000001da87ad0000]
CodeHeap 'non-nmethods': size=5760Kb used=1263Kb max_used=1282Kb free=4496Kb
 bounds [0x000001da80000000, 0x000001da80270000, 0x000001da805a0000]
 total_blobs=4593 nmethods=4020 adapters=485
 compilation: enabled
              stopped_count=0, restarted_count=0
 full_count=0

Compilation events (20 events):
Event: 3.221 Thread 0x000001da9582e720 nmethod 3871 0x000001da80de6510 code [0x000001da80de6780, 0x000001da80de7468]
Event: 3.221 Thread 0x000001da9582e720 3873       3       java.lang.String::split (327 bytes)
Event: 3.225 Thread 0x000001da9582e720 nmethod 3873 0x000001da80de7a10 code [0x000001da80de7fc0, 0x000001da80deb978]
Event: 3.225 Thread 0x000001da9582e720 3870       3       sun.security.ssl.SSLAlgorithmDecomposer::decomposes (533 bytes)
Event: 3.225 Thread 0x000001da9582e120 nmethod 3861 0x000001da87cd4f10 code [0x000001da87cd50a0, 0x000001da87cd5378]
Event: 3.225 Thread 0x000001da9582e120 3868       4       java.util.regex.Matcher::search (154 bytes)
Event: 3.227 Thread 0x000001da9582e720 nmethod 3870 0x000001da80decc10 code [0x000001da80ded440, 0x000001da80df3d08]
Event: 3.227 Thread 0x000001da9582e720 3874       3       sun.security.ssl.SSLAlgorithmDecomposer::decompose (93 bytes)
Event: 3.228 Thread 0x000001da9582e720 nmethod 3874 0x000001da80df5010 code [0x000001da80df5260, 0x000001da80df5cb8]
Event: 3.228 Thread 0x000001da9582e720 3872       3       java.lang.String::split (7 bytes)
Event: 3.228 Thread 0x000001da9582e720 nmethod 3872 0x000001da80df5f90 code [0x000001da80df6120, 0x000001da80df6268]
Event: 3.228 Thread 0x000001da9582e720 3875       3       sun.security.ssl.SSLAlgorithmConstraints::permits (96 bytes)
Event: 3.228 Thread 0x000001da9582e720 nmethod 3875 0x000001da80df6310 code [0x000001da80df6500, 0x000001da80df6a18]
Event: 3.228 Thread 0x000001da9582e720 3876       3       jdk.internal.misc.Unsafe::putIntUnaligned (79 bytes)
Event: 3.228 Thread 0x000001da9582e720 nmethod 3876 0x000001da80df6b90 code [0x000001da80df6d60, 0x000001da80df7118]
Event: 3.228 Thread 0x000001da9582e720 3877       3       jdk.internal.misc.Unsafe::putIntUnaligned (14 bytes)
Event: 3.229 Thread 0x000001da9582e720 nmethod 3877 0x000001da80df7210 code [0x000001da80df73c0, 0x000001da80df7618]
Event: 3.232 Thread 0x000001da9582e120 nmethod 3868 0x000001da87cd5510 code [0x000001da87cd56a0, 0x000001da87cd5b18]
Event: 3.232 Thread 0x000001da9582e120 3862       4       java.util.TreeMap::getEntry (77 bytes)
Event: 3.237 Thread 0x000001da9582e720 3879       3       sun.security.util.AlgorithmDecomposer::decompose (336 bytes)

GC Heap History (20 events):
Event: 0.500 GC heap before
{Heap before GC invocations=1 (full 0):
 garbage-first heap   total 262144K, used 24159K [0x0000000701200000, 0x0000000800000000)
  region size 2048K, 12 young (24576K), 2 survivors (4096K)
 Metaspace       used 11484K, committed 11712K, reserved 1064960K
  class space    used 1091K, committed 1216K, reserved 1048576K
}
Event: 0.502 GC heap after
{Heap after GC invocations=2 (full 0):
 garbage-first heap   total 262144K, used 5920K [0x0000000701200000, 0x0000000800000000)
  region size 2048K, 1 young (2048K), 1 survivors (2048K)
 Metaspace       used 11484K, committed 11712K, reserved 1064960K
  class space    used 1091K, committed 1216K, reserved 1048576K
}
Event: 1.014 GC heap before
{Heap before GC invocations=2 (full 0):
 garbage-first heap   total 262144K, used 53024K [0x0000000701200000, 0x0000000800000000)
  region size 2048K, 25 young (51200K), 1 survivors (2048K)
 Metaspace       used 20245K, committed 20480K, reserved 1073152K
  class space    used 2264K, committed 2368K, reserved 1048576K
}
Event: 1.016 GC heap after
{Heap after GC invocations=3 (full 0):
 garbage-first heap   total 262144K, used 8291K [0x0000000701200000, 0x0000000800000000)
  region size 2048K, 2 young (4096K), 2 survivors (4096K)
 Metaspace       used 20245K, committed 20480K, reserved 1073152K
  class space    used 2264K, committed 2368K, reserved 1048576K
}
Event: 1.066 GC heap before
{Heap before GC invocations=3 (full 0):
 garbage-first heap   total 262144K, used 12387K [0x0000000701200000, 0x0000000800000000)
  region size 2048K, 5 young (10240K), 2 survivors (4096K)
 Metaspace       used 21316K, committed 21504K, reserved 1073152K
  class space    used 2457K, committed 2560K, reserved 1048576K
}
Event: 1.068 GC heap after
{Heap after GC invocations=4 (full 0):
 garbage-first heap   total 262144K, used 8732K [0x0000000701200000, 0x0000000800000000)
  region size 2048K, 2 young (4096K), 2 survivors (4096K)
 Metaspace       used 21316K, committed 21504K, reserved 1073152K
  class space    used 2457K, committed 2560K, reserved 1048576K
}
Event: 1.172 GC heap before
{Heap before GC invocations=5 (full 0):
 garbage-first heap   total 49152K, used 33308K [0x0000000701200000, 0x0000000800000000)
  region size 2048K, 16 young (32768K), 2 survivors (4096K)
 Metaspace       used 23263K, committed 23488K, reserved 1073152K
  class space    used 2711K, committed 2816K, reserved 1048576K
}
Event: 1.175 GC heap after
{Heap after GC invocations=6 (full 0):
 garbage-first heap   total 49152K, used 9536K [0x0000000701200000, 0x0000000800000000)
  region size 2048K, 2 young (4096K), 2 survivors (4096K)
 Metaspace       used 23263K, committed 23488K, reserved 1073152K
  class space    used 2711K, committed 2816K, reserved 1048576K
}
Event: 1.175 GC heap before
{Heap before GC invocations=6 (full 0):
 garbage-first heap   total 49152K, used 9536K [0x0000000701200000, 0x0000000800000000)
  region size 2048K, 3 young (6144K), 2 survivors (4096K)
 Metaspace       used 23263K, committed 23488K, reserved 1073152K
  class space    used 2711K, committed 2816K, reserved 1048576K
}
Event: 1.178 GC heap after
{Heap after GC invocations=7 (full 0):
 garbage-first heap   total 49152K, used 9473K [0x0000000701200000, 0x0000000800000000)
  region size 2048K, 1 young (2048K), 1 survivors (2048K)
 Metaspace       used 23263K, committed 23488K, reserved 1073152K
  class space    used 2711K, committed 2816K, reserved 1048576K
}
Event: 1.196 GC heap before
{Heap before GC invocations=7 (full 0):
 garbage-first heap   total 49152K, used 27905K [0x0000000701200000, 0x0000000800000000)
  region size 2048K, 11 young (22528K), 1 survivors (2048K)
 Metaspace       used 23978K, committed 24192K, reserved 1073152K
  class space    used 2766K, committed 2880K, reserved 1048576K
}
Event: 1.197 GC heap after
{Heap after GC invocations=8 (full 0):
 garbage-first heap   total 155648K, used 9504K [0x0000000701200000, 0x0000000800000000)
  region size 2048K, 1 young (2048K), 1 survivors (2048K)
 Metaspace       used 23978K, committed 24192K, reserved 1073152K
  class space    used 2766K, committed 2880K, reserved 1048576K
}
Event: 2.307 GC heap before
{Heap before GC invocations=8 (full 0):
 garbage-first heap   total 155648K, used 75040K [0x0000000701200000, 0x0000000800000000)
  region size 2048K, 34 young (69632K), 1 survivors (2048K)
 Metaspace       used 35846K, committed 36096K, reserved 1081344K
  class space    used 4334K, committed 4480K, reserved 1048576K
}
Event: 2.311 GC heap after
{Heap after GC invocations=9 (full 0):
 garbage-first heap   total 155648K, used 14280K [0x0000000701200000, 0x0000000800000000)
  region size 2048K, 3 young (6144K), 3 survivors (6144K)
 Metaspace       used 35846K, committed 36096K, reserved 1081344K
  class space    used 4334K, committed 4480K, reserved 1048576K
}
Event: 2.383 GC heap before
{Heap before GC invocations=10 (full 0):
 garbage-first heap   total 61440K, used 47048K [0x0000000701200000, 0x0000000800000000)
  region size 2048K, 21 young (43008K), 3 survivors (6144K)
 Metaspace       used 36595K, committed 36864K, reserved 1081344K
  class space    used 4413K, committed 4544K, reserved 1048576K
}
Event: 2.387 GC heap after
{Heap after GC invocations=11 (full 0):
 garbage-first heap   total 61440K, used 14726K [0x0000000701200000, 0x0000000800000000)
  region size 2048K, 4 young (8192K), 4 survivors (8192K)
 Metaspace       used 36595K, committed 36864K, reserved 1081344K
  class space    used 4413K, committed 4544K, reserved 1048576K
}
Event: 2.389 GC heap before
{Heap before GC invocations=11 (full 0):
 garbage-first heap   total 61440K, used 18822K [0x0000000701200000, 0x0000000800000000)
  region size 2048K, 6 young (12288K), 4 survivors (8192K)
 Metaspace       used 36595K, committed 36864K, reserved 1081344K
  class space    used 4413K, committed 4544K, reserved 1048576K
}
Event: 2.392 GC heap after
{Heap after GC invocations=12 (full 0):
 garbage-first heap   total 61440K, used 15099K [0x0000000701200000, 0x0000000800000000)
  region size 2048K, 1 young (2048K), 1 survivors (2048K)
 Metaspace       used 36595K, committed 36864K, reserved 1081344K
  class space    used 4413K, committed 4544K, reserved 1048576K
}
Event: 2.452 GC heap before
{Heap before GC invocations=12 (full 0):
 garbage-first heap   total 61440K, used 43771K [0x0000000701200000, 0x0000000800000000)
  region size 2048K, 16 young (32768K), 1 survivors (2048K)
 Metaspace       used 37310K, committed 37632K, reserved 1089536K
  class space    used 4475K, committed 4672K, reserved 1048576K
}
Event: 2.453 GC heap after
{Heap after GC invocations=13 (full 0):
 garbage-first heap   total 161792K, used 15047K [0x0000000701200000, 0x0000000800000000)
  region size 2048K, 1 young (2048K), 1 survivors (2048K)
 Metaspace       used 37310K, committed 37632K, reserved 1089536K
  class space    used 4475K, committed 4672K, reserved 1048576K
}

Deoptimization events (20 events):
Event: 3.120 Thread 0x000001da963b5ce0 Uncommon trap: trap_request=0xffffff45 fr.pc=0x000001da87c4db08 relative=0x0000000000000f48
Event: 3.120 Thread 0x000001da963b5ce0 Uncommon trap: reason=unstable_if action=reinterpret pc=0x000001da87c4db08 method=java.util.Properties$LineReader.readLine()I @ 153 c2
Event: 3.120 Thread 0x000001da963b5ce0 DEOPT PACKING pc=0x000001da87c4db08 sp=0x0000000d85efba70
Event: 3.120 Thread 0x000001da963b5ce0 DEOPT UNPACKING pc=0x000001da800523a3 sp=0x0000000d85efba00 mode 2
Event: 3.149 Thread 0x000001da963b5ce0 Uncommon trap: trap_request=0xffffffc6 fr.pc=0x000001da87c7dd68 relative=0x00000000000043c8
Event: 3.149 Thread 0x000001da963b5ce0 Uncommon trap: reason=bimorphic_or_optimized_type_check action=maybe_recompile pc=0x000001da87c7dd68 method=java.net.URL.<init>(Ljava/net/URL;Ljava/lang/String;Ljava/net/URLStreamHandler;)V @ 504 c2
Event: 3.149 Thread 0x000001da963b5ce0 DEOPT PACKING pc=0x000001da87c7dd68 sp=0x0000000d85ef8d50
Event: 3.149 Thread 0x000001da963b5ce0 DEOPT UNPACKING pc=0x000001da800523a3 sp=0x0000000d85ef8ce0 mode 2
Event: 3.149 Thread 0x000001da963b5ce0 Uncommon trap: trap_request=0xffffff45 fr.pc=0x000001da87b77574 relative=0x0000000000000ab4
Event: 3.149 Thread 0x000001da963b5ce0 Uncommon trap: reason=unstable_if action=reinterpret pc=0x000001da87b77574 method=sun.net.util.IPAddressUtil.scan(Ljava/lang/String;JJ[C)I @ 14 c2
Event: 3.149 Thread 0x000001da963b5ce0 DEOPT PACKING pc=0x000001da87b77574 sp=0x0000000d85ef8960
Event: 3.149 Thread 0x000001da963b5ce0 DEOPT UNPACKING pc=0x000001da800523a3 sp=0x0000000d85ef87e0 mode 2
Event: 3.193 Thread 0x000001da963b5ce0 Uncommon trap: trap_request=0xffffff45 fr.pc=0x000001da87bc0888 relative=0x00000000000001a8
Event: 3.193 Thread 0x000001da963b5ce0 Uncommon trap: reason=unstable_if action=reinterpret pc=0x000001da87bc0888 method=java.util.HashMap.putVal(ILjava/lang/Object;Ljava/lang/Object;ZZ)Ljava/lang/Object; @ 162 c2
Event: 3.193 Thread 0x000001da963b5ce0 DEOPT PACKING pc=0x000001da87bc0888 sp=0x0000000d85ef9080
Event: 3.193 Thread 0x000001da963b5ce0 DEOPT UNPACKING pc=0x000001da800523a3 sp=0x0000000d85ef9010 mode 2
Event: 3.220 Thread 0x000001da963b5ce0 Uncommon trap: trap_request=0xffffff45 fr.pc=0x000001da87cd0c88 relative=0x0000000000000348
Event: 3.220 Thread 0x000001da963b5ce0 Uncommon trap: reason=unstable_if action=reinterpret pc=0x000001da87cd0c88 method=java.util.regex.Pattern$SliceI.match(Ljava/util/regex/Matcher;ILjava/lang/CharSequence;)Z @ 29 c2
Event: 3.220 Thread 0x000001da963b5ce0 DEOPT PACKING pc=0x000001da87cd0c88 sp=0x0000000d85efba40
Event: 3.220 Thread 0x000001da963b5ce0 DEOPT UNPACKING pc=0x000001da800523a3 sp=0x0000000d85efb9d8 mode 2

Classes unloaded (0 events):
No events

Classes redefined (0 events):
No events

Internal exceptions (20 events):
Event: 2.025 Thread 0x000001da963b5ce0 Exception <a 'java/lang/NoSuchMethodError'{0x00000007072344a8}: 'java.lang.Object java.lang.invoke.DirectMethodHandle$Holder.invokeSpecialIFC(java.lang.Object, java.lang.Object, java.lang.Object)'> (0x00000007072344a8) 
thrown [e:\jenkins\tmp\workspace\build\src\src\hotspot\share\interpreter\linkResolver.cpp, line 766]
Event: 2.094 Thread 0x000001da963b5ce0 Implicit null exception at 0x000001da87c286a7 to 0x000001da87c28bd0
Event: 2.097 Thread 0x000001da963b5ce0 Exception <a 'java/lang/NoSuchMethodError'{0x000000070710e2d0}: 'java.lang.Object java.lang.invoke.DirectMethodHandle$Holder.invokeStatic(java.lang.Object, java.lang.Object, int)'> (0x000000070710e2d0) 
thrown [e:\jenkins\tmp\workspace\build\src\src\hotspot\share\interpreter\linkResolver.cpp, line 766]
Event: 2.097 Thread 0x000001da963b5ce0 Exception <a 'java/lang/NoSuchMethodError'{0x0000000707119f18}: 'void java.lang.invoke.DelegatingMethodHandle$Holder.delegate(java.lang.Object, java.lang.Object, int, java.lang.Object)'> (0x0000000707119f18) 
thrown [e:\jenkins\tmp\workspace\build\src\src\hotspot\share\interpreter\linkResolver.cpp, line 766]
Event: 2.135 Thread 0x000001da963b5ce0 Exception <a 'java/lang/NoSuchMethodError'{0x0000000706ec83c0}: 'void java.lang.invoke.DirectMethodHandle$Holder.invokeInterface(java.lang.Object, java.lang.Object, int)'> (0x0000000706ec83c0) 
thrown [e:\jenkins\tmp\workspace\build\src\src\hotspot\share\interpreter\linkResolver.cpp, line 766]
Event: 2.139 Thread 0x000001da963b5ce0 Exception <a 'java/lang/NoSuchMethodError'{0x0000000706ee80c0}: 'int java.lang.invoke.DirectMethodHandle$Holder.invokeVirtual(java.lang.Object, java.lang.Object)'> (0x0000000706ee80c0) 
thrown [e:\jenkins\tmp\workspace\build\src\src\hotspot\share\interpreter\linkResolver.cpp, line 766]
Event: 2.143 Thread 0x000001da963b5ce0 Exception <a 'java/lang/IncompatibleClassChangeError'{0x0000000706f218e8}: Found class java.lang.Object, but interface was expected> (0x0000000706f218e8) 
thrown [e:\jenkins\tmp\workspace\build\src\src\hotspot\share\interpreter\linkResolver.cpp, line 833]
Event: 2.144 Thread 0x000001da963b5ce0 Exception <a 'java/lang/NoSuchMethodError'{0x0000000706f26a70}: 'void java.lang.invoke.DirectMethodHandle$Holder.invokeStatic(java.lang.Object, int, java.lang.Object)'> (0x0000000706f26a70) 
thrown [e:\jenkins\tmp\workspace\build\src\src\hotspot\share\interpreter\linkResolver.cpp, line 766]
Event: 2.148 Thread 0x000001da963b5ce0 Exception <a 'java/lang/NoSuchMethodError'{0x0000000706f55bc8}: 'int java.lang.invoke.DirectMethodHandle$Holder.invokeSpecial(java.lang.Object, java.lang.Object, int)'> (0x0000000706f55bc8) 
thrown [e:\jenkins\tmp\workspace\build\src\src\hotspot\share\interpreter\linkResolver.cpp, line 766]
Event: 2.228 Thread 0x000001da963b5ce0 Exception <a 'java/lang/NoSuchMethodError'{0x0000000706b0cd80}: 'java.lang.Object java.lang.invoke.DirectMethodHandle$Holder.invokeStaticInit(java.lang.Object, int, int, int, int)'> (0x0000000706b0cd80) 
thrown [e:\jenkins\tmp\workspace\build\src\src\hotspot\share\interpreter\linkResolver.cpp, line 766]
Event: 2.270 Thread 0x000001da963b5ce0 Exception <a 'java/lang/NoSuchMethodError'{0x0000000706ba7570}: 'java.lang.Object java.lang.invoke.DirectMethodHandle$Holder.invokeStaticInit(java.lang.Object, java.lang.Object, int, int, int, int)'> (0x0000000706ba7570) 
thrown [e:\jenkins\tmp\workspace\build\src\src\hotspot\share\interpreter\linkResolver.cpp, line 766]
Event: 2.401 Thread 0x000001da963b5ce0 Exception <a 'sun/nio/fs/WindowsException'{0x0000000706228580}> (0x0000000706228580) 
thrown [e:\jenkins\tmp\workspace\build\src\src\hotspot\share\prims\jni.cpp, line 516]
Event: 2.402 Thread 0x000001da963b5ce0 Exception <a 'sun/nio/fs/WindowsException'{0x000000070622e148}> (0x000000070622e148) 
thrown [e:\jenkins\tmp\workspace\build\src\src\hotspot\share\prims\jni.cpp, line 516]
Event: 2.402 Thread 0x000001da963b5ce0 Exception <a 'sun/nio/fs/WindowsException'{0x000000070622e820}> (0x000000070622e820) 
thrown [e:\jenkins\tmp\workspace\build\src\src\hotspot\share\prims\jni.cpp, line 516]
Event: 2.441 Thread 0x000001da963b5ce0 Implicit null exception at 0x000001da87b6d5e0 to 0x000001da87b6f404
Event: 2.489 Thread 0x000001da963b5ce0 Exception <a 'java/io/FileNotFoundException'{0x0000000709e16998}> (0x0000000709e16998) 
thrown [e:\jenkins\tmp\workspace\build\src\src\hotspot\share\prims\jni.cpp, line 516]
Event: 2.509 Thread 0x000001da963b5ce0 Exception <a 'java/lang/NoSuchMethodError'{0x0000000709c01820}: 'int java.lang.invoke.DirectMethodHandle$Holder.invokeInterface(java.lang.Object, java.lang.Object, java.lang.Object, java.lang.Object)'> (0x0000000709c01820) 
thrown [e:\jenkins\tmp\workspace\build\src\src\hotspot\share\interpreter\linkResolver.cpp, line 766]
Event: 2.551 Thread 0x000001da963b5ce0 Exception <a 'java/io/FileNotFoundException'{0x0000000709de48b8}> (0x0000000709de48b8) 
thrown [e:\jenkins\tmp\workspace\build\src\src\hotspot\share\prims\jni.cpp, line 516]
Event: 3.145 Thread 0x000001da963b5ce0 Exception <a 'sun/nio/fs/WindowsException'{0x0000000707d6f9f0}> (0x0000000707d6f9f0) 
thrown [e:\jenkins\tmp\workspace\build\src\src\hotspot\share\prims\jni.cpp, line 516]
Event: 3.151 Thread 0x000001da963b5ce0 Exception <a 'java/lang/NoSuchMethodError'{0x0000000707d90178}: 'int java.lang.invoke.DirectMethodHandle$Holder.invokeStaticInit(java.lang.Object, java.lang.Object, java.lang.Object, java.lang.Object)'> (0x0000000707d90178) 
thrown [e:\jenkins\tmp\workspace\build\src\src\hotspot\share\interpreter\linkResolver.cpp, line 766]

VM Operations (20 events):
Event: 2.389 Executing VM operation: G1CollectForAllocation
Event: 2.392 Executing VM operation: G1CollectForAllocation done
Event: 2.452 Executing VM operation: G1CollectForAllocation
Event: 2.453 Executing VM operation: G1CollectForAllocation done
Event: 2.529 Executing VM operation: HandshakeAllThreads
Event: 2.529 Executing VM operation: HandshakeAllThreads done
Event: 2.529 Executing VM operation: HandshakeAllThreads
Event: 2.529 Executing VM operation: HandshakeAllThreads done
Event: 2.553 Executing VM operation: HandshakeAllThreads
Event: 2.553 Executing VM operation: HandshakeAllThreads done
Event: 2.580 Executing VM operation: HandshakeAllThreads
Event: 2.580 Executing VM operation: HandshakeAllThreads done
Event: 3.015 Executing VM operation: ICBufferFull
Event: 3.015 Executing VM operation: ICBufferFull done
Event: 3.104 Executing VM operation: HandshakeAllThreads
Event: 3.104 Executing VM operation: HandshakeAllThreads done
Event: 3.127 Executing VM operation: HandshakeAllThreads
Event: 3.127 Executing VM operation: HandshakeAllThreads done
Event: 3.148 Executing VM operation: HandshakeAllThreads
Event: 3.149 Executing VM operation: HandshakeAllThreads done

Events (20 events):
Event: 3.236 loading class sun/security/ssl/PreSharedKeyExtension$SHPreSharedKeyProducer
Event: 3.236 loading class sun/security/ssl/PreSharedKeyExtension$SHPreSharedKeyProducer done
Event: 3.236 loading class sun/security/ssl/PreSharedKeyExtension$SHPreSharedKeyConsumer
Event: 3.236 loading class sun/security/ssl/PreSharedKeyExtension$SHPreSharedKeyConsumer done
Event: 3.236 loading class sun/security/ssl/PreSharedKeyExtension$SHPreSharedKeyAbsence
Event: 3.236 loading class sun/security/ssl/PreSharedKeyExtension$SHPreSharedKeyAbsence done
Event: 3.236 loading class sun/security/ssl/PreSharedKeyExtension$SHPreSharedKeyStringizer
Event: 3.236 loading class sun/security/ssl/PreSharedKeyExtension$SHPreSharedKeyStringizer done
Event: 3.237 loading class sun/security/ssl/SSLExtension$ClientExtensions
Event: 3.237 loading class sun/security/ssl/SSLExtension$ClientExtensions done
Event: 3.237 loading class sun/security/ssl/CertStatusExtension$CertStatusRequestSpec
Event: 3.237 loading class sun/security/ssl/SSLExtension$SSLExtensionSpec
Event: 3.237 loading class sun/security/ssl/SSLExtension$SSLExtensionSpec done
Event: 3.237 loading class sun/security/ssl/CertStatusExtension$CertStatusRequestSpec done
Event: 3.237 loading class sun/security/ssl/CertStatusExtension$OCSPStatusRequest
Event: 3.237 loading class sun/security/ssl/CertStatusExtension$CertStatusRequest
Event: 3.237 loading class sun/security/ssl/CertStatusExtension$CertStatusRequest done
Event: 3.237 loading class sun/security/ssl/CertStatusExtension$OCSPStatusRequest done
Event: 3.237 loading class sun/security/ssl/CertStatusExtension$CertStatusRequestType
Event: 3.237 loading class sun/security/ssl/CertStatusExtension$CertStatusRequestType done


Dynamic libraries:
0x00007ff7ab340000 - 0x00007ff7ab34e000 	C:\Users\Baba\.p2\pool\plugins\org.eclipse.justj.openjdk.hotspot.jre.full.win32.x86_64_17.0.1.v20211116-1657\jre\bin\javaw.exe
0x00007ffeec350000 - 0x00007ffeec545000 	C:\Windows\SYSTEM32\ntdll.dll
0x00007ffed0290000 - 0x00007ffed02a6000 	F:\Avast\aswhook.dll
0x00007ffeeba10000 - 0x00007ffeebace000 	C:\Windows\System32\KERNEL32.DLL
0x00007ffee9e40000 - 0x00007ffeea108000 	C:\Windows\System32\KERNELBASE.dll
0x00007ffee9b10000 - 0x00007ffee9c10000 	C:\Windows\System32\ucrtbase.dll
0x00007ffee4ad0000 - 0x00007ffee4ae8000 	C:\Users\Baba\.p2\pool\plugins\org.eclipse.justj.openjdk.hotspot.jre.full.win32.x86_64_17.0.1.v20211116-1657\jre\bin\jli.dll
0x00007ffee4a20000 - 0x00007ffee4a39000 	C:\Users\Baba\.p2\pool\plugins\org.eclipse.justj.openjdk.hotspot.jre.full.win32.x86_64_17.0.1.v20211116-1657\jre\bin\VCRUNTIME140.dll
0x00007ffeeabb0000 - 0x00007ffeead51000 	C:\Windows\System32\USER32.dll
0x00007ffee9e10000 - 0x00007ffee9e32000 	C:\Windows\System32\win32u.dll
0x00007ffed0cd0000 - 0x00007ffed0f6a000 	C:\Windows\WinSxS\amd64_microsoft.windows.common-controls_6595b64144ccf1df_6.0.19041.1110_none_60b5254171f9507e\COMCTL32.dll
0x00007ffeeab80000 - 0x00007ffeeabab000 	C:\Windows\System32\GDI32.dll
0x00007ffeea280000 - 0x00007ffeea38d000 	C:\Windows\System32\gdi32full.dll
0x00007ffee9c10000 - 0x00007ffee9cad000 	C:\Windows\System32\msvcp_win.dll
0x00007ffeeb420000 - 0x00007ffeeb4be000 	C:\Windows\System32\msvcrt.dll
0x00007ffeeab50000 - 0x00007ffeeab80000 	C:\Windows\System32\IMM32.DLL
0x00007ffee5630000 - 0x00007ffee563c000 	C:\Users\Baba\.p2\pool\plugins\org.eclipse.justj.openjdk.hotspot.jre.full.win32.x86_64_17.0.1.v20211116-1657\jre\bin\vcruntime140_1.dll
0x00007ffed1ec0000 - 0x00007ffed1f51000 	C:\Users\Baba\.p2\pool\plugins\org.eclipse.justj.openjdk.hotspot.jre.full.win32.x86_64_17.0.1.v20211116-1657\jre\bin\msvcp140.dll
0x00007ffe7b950000 - 0x00007ffe7c596000 	C:\Users\Baba\.p2\pool\plugins\org.eclipse.justj.openjdk.hotspot.jre.full.win32.x86_64_17.0.1.v20211116-1657\jre\bin\server\jvm.dll
0x00007ffeea540000 - 0x00007ffeea5ee000 	C:\Windows\System32\ADVAPI32.dll
0x00007ffeeb290000 - 0x00007ffeeb32c000 	C:\Windows\System32\sechost.dll
0x00007ffeea9b0000 - 0x00007ffeeaad5000 	C:\Windows\System32\RPCRT4.dll
0x00007ffeeab40000 - 0x00007ffeeab48000 	C:\Windows\System32\PSAPI.DLL
0x00007ffeda0b0000 - 0x00007ffeda0b9000 	C:\Windows\SYSTEM32\WSOCK32.dll
0x00007ffeec220000 - 0x00007ffeec28b000 	C:\Windows\System32\WS2_32.dll
0x00007ffee18f0000 - 0x00007ffee18fa000 	C:\Windows\SYSTEM32\VERSION.dll
0x00007ffeda450000 - 0x00007ffeda477000 	C:\Windows\SYSTEM32\WINMM.dll
0x00007ffee7930000 - 0x00007ffee7942000 	C:\Windows\SYSTEM32\kernel.appcore.dll
0x00007ffee5620000 - 0x00007ffee562a000 	C:\Users\Baba\.p2\pool\plugins\org.eclipse.justj.openjdk.hotspot.jre.full.win32.x86_64_17.0.1.v20211116-1657\jre\bin\jimage.dll
0x00007ffee0910000 - 0x00007ffee0af4000 	C:\Windows\SYSTEM32\DBGHELP.DLL
0x00007ffee0140000 - 0x00007ffee016c000 	C:\Windows\SYSTEM32\dbgcore.DLL
0x00007ffeea110000 - 0x00007ffeea192000 	C:\Windows\System32\bcryptPrimitives.dll
0x00007ffed37b0000 - 0x00007ffed37d5000 	C:\Users\Baba\.p2\pool\plugins\org.eclipse.justj.openjdk.hotspot.jre.full.win32.x86_64_17.0.1.v20211116-1657\jre\bin\java.dll
0x00007ffee2180000 - 0x00007ffee2198000 	C:\Users\Baba\.p2\pool\plugins\org.eclipse.justj.openjdk.hotspot.jre.full.win32.x86_64_17.0.1.v20211116-1657\jre\bin\zip.dll
0x00007ffeebad0000 - 0x00007ffeec214000 	C:\Windows\System32\SHELL32.dll
0x00007ffee7b30000 - 0x00007ffee82c5000 	C:\Windows\SYSTEM32\windows.storage.dll
0x00007ffeeae80000 - 0x00007ffeeb1d5000 	C:\Windows\System32\combase.dll
0x00007ffee93d0000 - 0x00007ffee93fe000 	C:\Windows\SYSTEM32\Wldp.dll
0x00007ffeeb1e0000 - 0x00007ffeeb28d000 	C:\Windows\System32\SHCORE.dll
0x00007ffeead70000 - 0x00007ffeeadc5000 	C:\Windows\System32\shlwapi.dll
0x00007ffee99a0000 - 0x00007ffee99bf000 	C:\Windows\SYSTEM32\profapi.dll
0x00007ffee08f0000 - 0x00007ffee0909000 	C:\Users\Baba\.p2\pool\plugins\org.eclipse.justj.openjdk.hotspot.jre.full.win32.x86_64_17.0.1.v20211116-1657\jre\bin\net.dll
0x00007ffedf390000 - 0x00007ffedf49c000 	C:\Windows\SYSTEM32\WINHTTP.dll
0x00007ffee91b0000 - 0x00007ffee921a000 	C:\Windows\system32\mswsock.dll
0x00007ffed4140000 - 0x00007ffed4155000 	C:\Users\Baba\.p2\pool\plugins\org.eclipse.justj.openjdk.hotspot.jre.full.win32.x86_64_17.0.1.v20211116-1657\jre\bin\nio.dll
0x00007ffee4880000 - 0x00007ffee4890000 	C:\Users\Baba\.p2\pool\plugins\org.eclipse.justj.openjdk.hotspot.jre.full.win32.x86_64_17.0.1.v20211116-1657\jre\bin\verify.dll
0x00007ffee4760000 - 0x00007ffee4769000 	C:\Users\Baba\.p2\pool\plugins\org.eclipse.justj.openjdk.hotspot.jre.full.win32.x86_64_17.0.1.v20211116-1657\jre\bin\management.dll
0x00007ffee4710000 - 0x00007ffee471b000 	C:\Users\Baba\.p2\pool\plugins\org.eclipse.justj.openjdk.hotspot.jre.full.win32.x86_64_17.0.1.v20211116-1657\jre\bin\management_ext.dll
0x00007ffed2a40000 - 0x00007ffed2a57000 	C:\Windows\system32\napinsp.dll
0x00007ffed29e0000 - 0x00007ffed29fb000 	C:\Windows\system32\pnrpnsp.dll
0x00007ffed2890000 - 0x00007ffed28a5000 	C:\Windows\system32\wshbth.dll
0x00007ffee5590000 - 0x00007ffee55ad000 	C:\Windows\system32\NLAapi.dll
0x00007ffee8e70000 - 0x00007ffee8eab000 	C:\Windows\SYSTEM32\IPHLPAPI.DLL
0x00007ffee8eb0000 - 0x00007ffee8f7b000 	C:\Windows\SYSTEM32\DNSAPI.dll
0x00007ffeea8a0000 - 0x00007ffeea8a8000 	C:\Windows\System32\NSI.dll
0x00007ffed2670000 - 0x00007ffed2682000 	C:\Windows\System32\winrnr.dll
0x00007ffeda180000 - 0x00007ffeda18a000 	C:\Windows\System32\rasadhlp.dll
0x00007ffeda220000 - 0x00007ffeda29f000 	C:\Windows\System32\fwpuclnt.dll
0x00007ffeea250000 - 0x00007ffeea277000 	C:\Windows\System32\bcrypt.dll
0x00007ffee9730000 - 0x00007ffee9748000 	C:\Windows\SYSTEM32\CRYPTSP.dll
0x00007ffee8ae0000 - 0x00007ffee8b14000 	C:\Windows\system32\rsaenh.dll
0x00007ffee9960000 - 0x00007ffee998e000 	C:\Windows\SYSTEM32\USERENV.dll
0x00007ffee9340000 - 0x00007ffee934c000 	C:\Windows\SYSTEM32\CRYPTBASE.dll
0x00007ffee2600000 - 0x00007ffee2617000 	C:\Windows\SYSTEM32\dhcpcsvc6.DLL
0x00007ffee2a80000 - 0x00007ffee2a9d000 	C:\Windows\SYSTEM32\dhcpcsvc.DLL
0x00007ffee4230000 - 0x00007ffee423e000 	C:\Users\Baba\.p2\pool\plugins\org.eclipse.justj.openjdk.hotspot.jre.full.win32.x86_64_17.0.1.v20211116-1657\jre\bin\sunmscapi.dll
0x00007ffee9cb0000 - 0x00007ffee9e06000 	C:\Windows\System32\CRYPT32.dll
0x00007ffee9440000 - 0x00007ffee9467000 	C:\Windows\SYSTEM32\ncrypt.dll
0x00007ffee9400000 - 0x00007ffee943b000 	C:\Windows\SYSTEM32\NTASN1.dll

dbghelp: loaded successfully - version: 4.0.5 - missing functions: none
symbol engine: initialized successfully - sym options: 0x614 - pdb path: .;C:\Users\Baba\.p2\pool\plugins\org.eclipse.justj.openjdk.hotspot.jre.full.win32.x86_64_17.0.1.v20211116-1657\jre\bin;C:\Windows\SYSTEM32;F:\Avast;C:\Windows\WinSxS\amd64_microsoft.windows.common-controls_6595b64144ccf1df_6.0.19041.1110_none_60b5254171f9507e;C:\Users\Baba\.p2\pool\plugins\org.eclipse.justj.openjdk.hotspot.jre.full.win32.x86_64_17.0.1.v20211116-1657\jre\bin\server

VM Arguments:
jvm_args: -Dfile.encoding=UTF-8 -XX:+ShowCodeDetailsInExceptionMessages 
java_command: org.generation.blogPessoal.BlogPessoalApplication
java_class_path (initial): D:\rodrigo\BlogPessoal\blogPessoal\target\classes;C:\Users\Baba\.m2\repository\org\springframework\boot\spring-boot-starter-data-jpa\2.6.2\spring-boot-starter-data-jpa-2.6.2.jar;C:\Users\Baba\.m2\repository\org\springframework\boot\spring-boot-starter-aop\2.6.2\spring-boot-starter-aop-2.6.2.jar;C:\Users\Baba\.m2\repository\org\springframework\spring-aop\5.3.14\spring-aop-5.3.14.jar;C:\Users\Baba\.m2\repository\org\aspectj\aspectjweaver\1.9.7\aspectjweaver-1.9.7.jar;C:\Users\Baba\.m2\repository\org\springframework\boot\spring-boot-starter-jdbc\2.6.2\spring-boot-starter-jdbc-2.6.2.jar;C:\Users\Baba\.m2\repository\com\zaxxer\HikariCP\4.0.3\HikariCP-4.0.3.jar;C:\Users\Baba\.m2\repository\org\springframework\spring-jdbc\5.3.14\spring-jdbc-5.3.14.jar;C:\Users\Baba\.m2\repository\jakarta\transaction\jakarta.transaction-api\1.3.3\jakarta.transaction-api-1.3.3.jar;C:\Users\Baba\.m2\repository\jakarta\persistence\jakarta.persistence-api\2.2.3\jakarta.persistence-api-2.2.3.jar;C:\Users\Baba\.m2\repository\org\hibernate\hibernate-core\5.6.3.Final\hibernate-core-5.6.3.Final.jar;C:\Users\Baba\.m2\repository\org\jboss\logging\jboss-logging\3.4.2.Final\jboss-logging-3.4.2.Final.jar;C:\Users\Baba\.m2\repository\net\bytebuddy\byte-buddy\1.11.22\byte-buddy-1.11.22.jar;C:\Users\Baba\.m2\repository\antlr\antlr\2.7.7\antlr-2.7.7.jar;C:\Users\Baba\.m2\repository\org\jboss\jandex\2.2.3.Final\jandex-2.2.3.Final.jar;C:\Users\Baba\.m2\repository\com\fasterxml\classmate\1.5.1\classmate-1.5.1.jar;C:\Users\Baba\.m2\repository\org\hibernate\common\hibernate-commons-annotations\5.1.2.Final\hibernate-commons-annotations-5.1.2.Final.jar;C:\Users\Baba\.m2\repository\org\glassfish\jaxb\jaxb-runtime\2.3.5\jaxb-runtime-2.3.5.jar;C:\Users\Baba\.m2\repository\org\glassfish\jaxb\txw2\2.3.5\txw2-2.3.5.jar;C:\Users\Baba\.m2\repository\com\sun\istack\istack-commons-runtime\3.0.12\istack-commons-runtime-3.0.12.jar;C:\Users\Baba\.m2\repository\com\sun\activation\jakarta.activation\1
Launcher Type: SUN_STANDARD

[Global flags]
     intx CICompilerCount                          = 3                                         {product} {ergonomic}
     uint ConcGCThreads                            = 2                                         {product} {ergonomic}
     uint G1ConcRefinementThreads                  = 6                                         {product} {ergonomic}
   size_t G1HeapRegionSize                         = 2097152                                   {product} {ergonomic}
    uintx GCDrainStackTargetSize                   = 64                                        {product} {ergonomic}
   size_t InitialHeapSize                          = 268435456                                 {product} {ergonomic}
   size_t MarkStackSize                            = 4194304                                   {product} {ergonomic}
   size_t MaxHeapSize                              = 4276092928                                {product} {ergonomic}
   size_t MaxNewSize                               = 2564816896                                {product} {ergonomic}
   size_t MinHeapDeltaBytes                        = 2097152                                   {product} {ergonomic}
   size_t MinHeapSize                              = 8388608                                   {product} {ergonomic}
    uintx NonNMethodCodeHeapSize                   = 5832780                                {pd product} {ergonomic}
    uintx NonProfiledCodeHeapSize                  = 122912730                              {pd product} {ergonomic}
    uintx ProfiledCodeHeapSize                     = 122912730                              {pd product} {ergonomic}
    uintx ReservedCodeCacheSize                    = 251658240                              {pd product} {ergonomic}
     bool SegmentedCodeCache                       = true                                      {product} {ergonomic}
     bool ShowCodeDetailsInExceptionMessages       = true                                   {manageable} {command line}
   size_t SoftMaxHeapSize                          = 4276092928                             {manageable} {ergonomic}
     bool UseCompressedClassPointers               = true                           {product lp64_product} {ergonomic}
     bool UseCompressedOops                        = true                           {product lp64_product} {ergonomic}
     bool UseG1GC                                  = true                                      {product} {ergonomic}
     bool UseLargePagesIndividualAllocation        = false                                  {pd product} {ergonomic}

Logging:
Log output configuration:
 #0: stdout all=warning uptime,level,tags
 #1: stderr all=off uptime,level,tags

Environment Variables:
PATH=C:/Users/Baba/.p2/pool/plugins/org.eclipse.justj.openjdk.hotspot.jre.full.win32.x86_64_17.0.1.v20211116-1657/jre/bin/server;C:/Users/Baba/.p2/pool/plugins/org.eclipse.justj.openjdk.hotspot.jre.full.win32.x86_64_17.0.1.v20211116-1657/jre/bin;C:\Program Files (x86)\Common Files\Oracle\Java\javapath;C:\Windows\system32;C:\Windows;C:\Windows\System32\Wbem;C:\Windows\System32\WindowsPowerShell\v1.0\;C:\Windows\System32\OpenSSH\;C:\Program Files\dotnet\;C:\Program Files\Microsoft SQL Server\130\Tools\Binn\;C:\Program Files\Microsoft SQL Server\Client SDK\ODBC\170\Tools\Binn\;C:\Program Files\NVIDIA Corporation\NVIDIA NvDLISR;C:\Program Files (x86)\NVIDIA Corporation\PhysX\Common;F:\Git\Git\cmd;C:\Program Files\Docker\Docker\resources\bin;C:\ProgramData\DockerDesktop\version-bin;C:\Program Files\Java\jdk1.8.0_311\bin;C:\Program Files\nodejs\;C:\ProgramData\UNIVALI\Portugol Studio;C:\Users\Baba\AppData\Local\Microsoft\WindowsApps;C:\Users\Baba\.dotnet\tools;C:\Users\Baba\AppData\Local\Programs\Microsoft VS Code\bin;C:\Users\Baba\AppData\Roaming\npm;C:\Windows\System32;
USERNAME=Baba
OS=Windows_NT
PROCESSOR_IDENTIFIER=Intel64 Family 6 Model 158 Stepping 10, GenuineIntel



---------------  S Y S T E M  ---------------

OS:
 Windows 10 , 64 bit Build 19041 (10.0.19041.1466)
OS uptime: 3 days 6:18 hours
Hyper-V role detected

CPU: total 6 (initial active 6) (6 cores per cpu, 1 threads per core) family 6 model 158 stepping 10 microcode 0xb4, cx8, cmov, fxsr, mmx, 3dnowpref, sse, sse2, sse3, ssse3, sse4.1, sse4.2, popcnt, lzcnt, tsc, tscinvbit, avx, avx2, aes, erms, clmul, bmi1, bmi2, adx, fma, vzeroupper, clflush, clflushopt, hv

Memory: 4k page, system-wide physical 16304M (8709M free)
TotalPageFile size 18736M (AvailPageFile size 6436M)
current process WorkingSet (physical memory assigned to process): 259M, peak: 259M
current process commit charge ("private bytes"): 333M, peak: 368M

vm_info: OpenJDK 64-Bit Server VM (17.0.1+12) for windows-amd64 JRE (17.0.1+12), built on Oct 20 2021 07:42:55 by "" with MS VC++ 16.7 (VS2019)

END.
